#
# There is insufficient memory for the Java Runtime Environment to continue.
# Native memory allocation (malloc) failed to allocate 1742256 bytes for Chunk::new
# Possible reasons:
#   The system is out of physical RAM or swap space
#   The process is running with CompressedOops enabled, and the Java Heap may be blocking the growth of the native heap
# Possible solutions:
#   Reduce memory load on the system
#   Increase physical memory or swap space
#   Check if swap backing store is full
#   Decrease Java heap size (-Xmx/-Xms)
#   Decrease number of Java threads
#   Decrease Java thread stack sizes (-Xss)
#   Set larger code cache with -XX:ReservedCodeCacheSize=
#   JVM is running with Unscaled Compressed Oops mode in which the Java heap is
#     placed in the first 4GB address space. The Java Heap base address is the
#     maximum limit for the native heap growth. Please use -XX:HeapBaseMinAddress
#     to set the Java Heap base and to place the Java Heap above 4GB virtual address.
# This output file may be truncated or incomplete.
#
#  Out of Memory Error (allocation.cpp:389), pid=5508, tid=0x0000000000007dc0
#
# JRE version: OpenJDK Runtime Environment (8.0_242-b01) (build 1.8.0_242-release-1644-b01)
# Java VM: OpenJDK 64-Bit Server VM (25.242-b01 mixed mode windows-amd64 compressed oops)
# Failed to write core dump. Minidumps are not enabled by default on client versions of Windows
#

---------------  T H R E A D  ---------------

Current thread (0x0000000018bfb800):  JavaThread "C2 CompilerThread2" daemon [_thread_in_native, id=32192, stack(0x00000000196d0000,0x00000000197d0000)]

Stack: [0x00000000196d0000,0x00000000197d0000]
[error occurred during error reporting (printing stack bounds), id 0xc0000005]

Native frames: (J=compiled Java code, j=interpreted, Vv=VM code, C=native code)


Current CompileTask:
C2:  12128 5043   !   4       com.sun.beans.TypeResolver::resolve (274 bytes)


---------------  P R O C E S S  ---------------

Java Threads: ( => current thread )
  0x000000001a203800 JavaThread "Cache worker for Build Output Cleanup Cache (C:\Users\presi\Documents\NCI\2ND SEMESTER_2020\Data Mining & Machine Learning 2\Project Report\CA1\Codes\GreenFinder Andriod Development\.gradle\buildOutputCleanup)" [_thread_blocked, id=27524, stack(0x00000000242d0000,0x00000000243d0000)]
  0x000000001a200800 JavaThread "Build operations Thread 8" [_thread_blocked, id=11232, stack(0x0000000023bd0000,0x0000000023cd0000)]
  0x000000001a201800 JavaThread "Build operations Thread 7" [_thread_blocked, id=31388, stack(0x0000000023ad0000,0x0000000023bd0000)]
  0x000000001a206800 JavaThread "Build operations Thread 6" [_thread_blocked, id=10352, stack(0x00000000239d0000,0x0000000023ad0000)]
  0x000000001a206000 JavaThread "Build operations Thread 5" [_thread_blocked, id=23152, stack(0x00000000238d0000,0x00000000239d0000)]
  0x000000001a207800 JavaThread "Build operations Thread 4" [_thread_blocked, id=2120, stack(0x00000000237d0000,0x00000000238d0000)]
  0x000000001a203000 JavaThread "Build operations Thread 3" [_thread_blocked, id=17948, stack(0x00000000226c0000,0x00000000227c0000)]
  0x000000001a205000 JavaThread "Build operations Thread 2" [_thread_blocked, id=26028, stack(0x00000000225c0000,0x00000000226c0000)]
  0x000000001a202000 JavaThread "Build operations" [_thread_blocked, id=11556, stack(0x00000000224c0000,0x00000000225c0000)]
  0x000000001b626000 JavaThread "Cache worker for execution history cache (C:\Users\presi\.gradle\caches\6.1.1\executionHistory)" [_thread_blocked, id=27608, stack(0x00000000215c0000,0x00000000216c0000)]
  0x000000001b629000 JavaThread "Cache worker for cache directory md-rule (C:\Users\presi\.gradle\caches\6.1.1\md-rule)" [_thread_blocked, id=12744, stack(0x00000000210c0000,0x00000000211c0000)]
  0x000000001b626800 JavaThread "Cache worker for cache directory md-supplier (C:\Users\presi\.gradle\caches\6.1.1\md-supplier)" [_thread_blocked, id=3860, stack(0x000000001fd90000,0x000000001fe90000)]
  0x000000001b627800 JavaThread "Cache worker for file hash cache (C:\Users\presi\Documents\NCI\2ND SEMESTER_2020\Data Mining & Machine Learning 2\Project Report\CA1\Codes\GreenFinder Andriod Development\.gradle\6.1.1\fileHashes)" [_thread_blocked, id=29956, stack(0x000000001fc90000,0x000000001fd90000)]
  0x000000001b624800 JavaThread "Cache worker for checksums cache (C:\Users\presi\Documents\NCI\2ND SEMESTER_2020\Data Mining & Machine Learning 2\Project Report\CA1\Codes\GreenFinder Andriod Development\.gradle\checksums)" [_thread_blocked, id=24768, stack(0x00000000214c0000,0x00000000215c0000)]
  0x000000001b628000 JavaThread "Cache worker for file hash cache (C:\Users\presi\.gradle\caches\6.1.1\fileHashes)" [_thread_blocked, id=30644, stack(0x000000001d9f0000,0x000000001daf0000)]
  0x000000001b622000 JavaThread "File lock request listener" [_thread_in_native, id=15128, stack(0x000000001d8f0000,0x000000001d9f0000)]
  0x000000001b64d000 JavaThread "Cache worker for journal cache (C:\Users\presi\.gradle\caches\journal-1)" [_thread_blocked, id=31524, stack(0x000000001d7f0000,0x000000001d8f0000)]
  0x000000001af46800 JavaThread "Thread-9" [_thread_blocked, id=32656, stack(0x000000001d4f0000,0x000000001d5f0000)]
  0x000000001b663800 JavaThread "Stdin handler" [_thread_blocked, id=32624, stack(0x000000001d3f0000,0x000000001d4f0000)]
  0x0000000019b34800 JavaThread "Asynchronous log dispatcher for DefaultDaemonConnection: socket connection from /127.0.0.1:49927 to /127.0.0.1:49931" [_thread_blocked, id=15824, stack(0x000000001d1f0000,0x000000001d2f0000)]
  0x000000001b669800 JavaThread "Daemon worker" [_thread_in_Java, id=17236, stack(0x000000001d0f0000,0x000000001d1f0000)]
  0x000000001b657800 JavaThread "Cancel handler" [_thread_blocked, id=23748, stack(0x000000001cff0000,0x000000001d0f0000)]
  0x000000001b601800 JavaThread "Handler for socket connection from /127.0.0.1:49927 to /127.0.0.1:49931" [_thread_in_native, id=30332, stack(0x000000001ccf0000,0x000000001cdf0000)]
  0x000000001b5fb000 JavaThread "Daemon" [_thread_blocked, id=20140, stack(0x000000001cbf0000,0x000000001ccf0000)]
  0x000000001b5a4000 JavaThread "Daemon periodic checks" [_thread_blocked, id=19408, stack(0x000000001caf0000,0x000000001cbf0000)]
  0x000000001b593000 JavaThread "Incoming local TCP Connector on port 49927" [_thread_in_native, id=32664, stack(0x000000001c8b0000,0x000000001c9b0000)]
  0x000000001b551800 JavaThread "Daemon health stats" [_thread_blocked, id=7116, stack(0x000000001c270000,0x000000001c370000)]
  0x0000000018c7a000 JavaThread "Service Thread" daemon [_thread_blocked, id=31220, stack(0x00000000198d0000,0x00000000199d0000)]
  0x0000000018c02800 JavaThread "C1 CompilerThread3" daemon [_thread_blocked, id=21096, stack(0x00000000197d0000,0x00000000198d0000)]
=>0x0000000018bfb800 JavaThread "C2 CompilerThread2" daemon [_thread_in_native, id=32192, stack(0x00000000196d0000,0x00000000197d0000)]
  0x0000000018bf8000 JavaThread "C2 CompilerThread1" daemon [_thread_blocked, id=12184, stack(0x00000000195d0000,0x00000000196d0000)]
  0x0000000018bf5000 JavaThread "C2 CompilerThread0" daemon [_thread_in_native, id=1108, stack(0x00000000194d0000,0x00000000195d0000)]
  0x0000000018bf2800 JavaThread "Attach Listener" daemon [_thread_blocked, id=24404, stack(0x00000000193d0000,0x00000000194d0000)]
  0x0000000018bf1800 JavaThread "Signal Dispatcher" daemon [_thread_blocked, id=8332, stack(0x00000000192d0000,0x00000000193d0000)]
  0x0000000018be0800 JavaThread "Finalizer" daemon [_thread_blocked, id=30228, stack(0x00000000190c0000,0x00000000191c0000)]
  0x0000000003027000 JavaThread "Reference Handler" daemon [_thread_blocked, id=31712, stack(0x0000000018fc0000,0x00000000190c0000)]
  0x000000000164e800 JavaThread "main" [_thread_blocked, id=3444, stack(0x0000000002e30000,0x0000000002f30000)]

Other Threads:
  0x0000000016de6800 VMThread [stack: 0x0000000018ac0000,0x0000000018bc0000] [id=20432]
  0x0000000018c36800 WatcherThread [stack: 0x00000000199d0000,0x0000000019ad0000] [id=31692]

VM state:not at safepoint (normal execution)

VM Mutex/Monitor currently owned by a thread: None

heap address: 0x00000000a0000000, size: 1536 MB, Compressed Oops mode: 32-bit
Narrow klass base: 0x0000000000000000, Narrow klass shift: 3
Compressed class space size: 1073741824 Address: 0x0000000100000000

Heap:
 PSYoungGen      total 134144K, used 85180K [0x00000000e0000000, 0x00000000e9500000, 0x0000000100000000)
  eden space 121856K, 59% used [0x00000000e0000000,0x00000000e4730718,0x00000000e7700000)
  from space 12288K, 99% used [0x00000000e8600000,0x00000000e91fe960,0x00000000e9200000)
  to   space 15360K, 0% used [0x00000000e7700000,0x00000000e7700000,0x00000000e8600000)
 ParOldGen       total 72704K, used 18782K [0x00000000a0000000, 0x00000000a4700000, 0x00000000e0000000)
  object space 72704K, 25% used [0x00000000a0000000,0x00000000a1257a90,0x00000000a4700000)
 Metaspace       used 53182K, capacity 54896K, committed 55040K, reserved 1097728K
  class space    used 6944K, capacity 7341K, committed 7424K, reserved 1048576K

Card table byte_map: [0x00000000123f0000,0x0000000012700000] byte_map_base: 0x0000000011ef0000

Marking Bits: (ParMarkBitMap*) 0x0000000057f9f030
 Begin Bits: [0x0000000013100000, 0x0000000014900000)
 End Bits:   [0x0000000014900000, 0x0000000016100000)

Polling page: 0x0000000001610000

CodeCache: size=245760Kb used=18398Kb max_used=18406Kb free=227361Kb
 bounds [0x0000000003030000, 0x0000000004240000, 0x0000000012030000]
 total_blobs=5742 nmethods=4954 adapters=701
 compilation: enabled

Compilation events (10 events):
Event: 12.087 Thread 0x0000000018c02800 nmethod 5380 0x0000000004234290 code [0x0000000004234460, 0x0000000004234c88]
Event: 12.087 Thread 0x0000000018c02800 5373       1       org.codehaus.groovy.ast.expr.ConstantExpression::getConstantName (5 bytes)
Event: 12.087 Thread 0x0000000018c02800 nmethod 5373 0x0000000004233fd0 code [0x0000000004234120, 0x0000000004234230]
Event: 12.087 Thread 0x0000000018c02800 5370       1       org.codehaus.groovy.ast.FieldNode::getModifiers (5 bytes)
Event: 12.087 Thread 0x0000000018c02800 nmethod 5370 0x0000000004233d10 code [0x0000000004233e60, 0x0000000004233f70]
Event: 12.088 Thread 0x0000000018bf8000 nmethod 5325 0x0000000004232490 code [0x00000000042325e0, 0x0000000004232708]
Event: 12.088 Thread 0x0000000018bf8000 5352       4       org.codehaus.groovy.ast.ClassNode::getText (5 bytes)
Event: 12.089 Thread 0x0000000018bf8000 nmethod 5352 0x00000000041dec50 code [0x00000000041ded80, 0x00000000041dedf8]
Event: 12.124 Thread 0x0000000018c02800 5383       1       org.codehaus.groovy.control.CompilationUnit$PrimaryClassNodeOperation::needSortedInput (2 bytes)
Event: 12.125 Thread 0x0000000018c02800 nmethod 5383 0x0000000004232110 code [0x0000000004232260, 0x0000000004232370]

GC Heap History (10 events):
Event: 6.546 GC heap before
{Heap before GC invocations=10 (full 1):
 PSYoungGen      total 74752K, used 72557K [0x00000000e0000000, 0x00000000e8880000, 0x0000000100000000)
  eden space 64000K, 100% used [0x00000000e0000000,0x00000000e3e80000,0x00000000e3e80000)
  from space 10752K, 79% used [0x00000000e4980000,0x00000000e51db688,0x00000000e5400000)
  to   space 11264K, 0% used [0x00000000e3e80000,0x00000000e3e80000,0x00000000e4980000)
 ParOldGen       total 48128K, used 6687K [0x00000000a0000000, 0x00000000a2f00000, 0x00000000e0000000)
  object space 48128K, 13% used [0x00000000a0000000,0x00000000a0687f08,0x00000000a2f00000)
 Metaspace       used 33882K, capacity 34586K, committed 34688K, reserved 1079296K
  class space    used 4509K, capacity 4715K, committed 4736K, reserved 1048576K
Event: 6.560 GC heap after
Heap after GC invocations=10 (full 1):
 PSYoungGen      total 75264K, used 9663K [0x00000000e0000000, 0x00000000e7600000, 0x0000000100000000)
  eden space 64000K, 0% used [0x00000000e0000000,0x00000000e0000000,0x00000000e3e80000)
  from space 11264K, 85% used [0x00000000e3e80000,0x00000000e47efde8,0x00000000e4980000)
  to   space 12288K, 0% used [0x00000000e6a00000,0x00000000e6a00000,0x00000000e7600000)
 ParOldGen       total 48128K, used 6695K [0x00000000a0000000, 0x00000000a2f00000, 0x00000000e0000000)
  object space 48128K, 13% used [0x00000000a0000000,0x00000000a0689f08,0x00000000a2f00000)
 Metaspace       used 33882K, capacity 34586K, committed 34688K, reserved 1079296K
  class space    used 4509K, capacity 4715K, committed 4736K, reserved 1048576K
}
Event: 6.804 GC heap before
{Heap before GC invocations=11 (full 1):
 PSYoungGen      total 75264K, used 31592K [0x00000000e0000000, 0x00000000e7600000, 0x0000000100000000)
  eden space 64000K, 34% used [0x00000000e0000000,0x00000000e156a300,0x00000000e3e80000)
  from space 11264K, 85% used [0x00000000e3e80000,0x00000000e47efde8,0x00000000e4980000)
  to   space 12288K, 0% used [0x00000000e6a00000,0x00000000e6a00000,0x00000000e7600000)
 ParOldGen       total 48128K, used 6695K [0x00000000a0000000, 0x00000000a2f00000, 0x00000000e0000000)
  object space 48128K, 13% used [0x00000000a0000000,0x00000000a0689f08,0x00000000a2f00000)
 Metaspace       used 34768K, capacity 35386K, committed 35416K, reserved 1079296K
  class space    used 4653K, capacity 4848K, committed 4864K, reserved 1048576K
Event: 6.813 GC heap after
Heap after GC invocations=11 (full 1):
 PSYoungGen      total 108544K, used 4544K [0x00000000e0000000, 0x00000000e7600000, 0x0000000100000000)
  eden space 96256K, 0% used [0x00000000e0000000,0x00000000e0000000,0x00000000e5e00000)
  from space 12288K, 36% used [0x00000000e6a00000,0x00000000e6e70230,0x00000000e7600000)
  to   space 12288K, 0% used [0x00000000e5e00000,0x00000000e5e00000,0x00000000e6a00000)
 ParOldGen       total 48128K, used 9929K [0x00000000a0000000, 0x00000000a2f00000, 0x00000000e0000000)
  object space 48128K, 20% used [0x00000000a0000000,0x00000000a09b2748,0x00000000a2f00000)
 Metaspace       used 34768K, capacity 35386K, committed 35416K, reserved 1079296K
  class space    used 4653K, capacity 4848K, committed 4864K, reserved 1048576K
}
Event: 6.813 GC heap before
{Heap before GC invocations=12 (full 2):
 PSYoungGen      total 108544K, used 4544K [0x00000000e0000000, 0x00000000e7600000, 0x0000000100000000)
  eden space 96256K, 0% used [0x00000000e0000000,0x00000000e0000000,0x00000000e5e00000)
  from space 12288K, 36% used [0x00000000e6a00000,0x00000000e6e70230,0x00000000e7600000)
  to   space 12288K, 0% used [0x00000000e5e00000,0x00000000e5e00000,0x00000000e6a00000)
 ParOldGen       total 48128K, used 9929K [0x00000000a0000000, 0x00000000a2f00000, 0x00000000e0000000)
  object space 48128K, 20% used [0x00000000a0000000,0x00000000a09b2748,0x00000000a2f00000)
 Metaspace       used 34768K, capacity 35386K, committed 35416K, reserved 1079296K
  class space    used 4653K, capacity 4848K, committed 4864K, reserved 1048576K
Event: 6.945 GC heap after
Heap after GC invocations=12 (full 2):
 PSYoungGen      total 108544K, used 0K [0x00000000e0000000, 0x00000000e7600000, 0x0000000100000000)
  eden space 96256K, 0% used [0x00000000e0000000,0x00000000e0000000,0x00000000e5e00000)
  from space 12288K, 0% used [0x00000000e6a00000,0x00000000e6a00000,0x00000000e7600000)
  to   space 12288K, 0% used [0x00000000e5e00000,0x00000000e5e00000,0x00000000e6a00000)
 ParOldGen       total 72704K, used 14090K [0x00000000a0000000, 0x00000000a4700000, 0x00000000e0000000)
  object space 72704K, 19% used [0x00000000a0000000,0x00000000a0dc2bd8,0x00000000a4700000)
 Metaspace       used 34749K, capacity 35362K, committed 35416K, reserved 1079296K
  class space    used 4647K, capacity 4840K, committed 4864K, reserved 1048576K
}
Event: 9.150 GC heap before
{Heap before GC invocations=13 (full 2):
 PSYoungGen      total 108544K, used 96256K [0x00000000e0000000, 0x00000000e7600000, 0x0000000100000000)
  eden space 96256K, 100% used [0x00000000e0000000,0x00000000e5e00000,0x00000000e5e00000)
  from space 12288K, 0% used [0x00000000e6a00000,0x00000000e6a00000,0x00000000e7600000)
  to   space 12288K, 0% used [0x00000000e5e00000,0x00000000e5e00000,0x00000000e6a00000)
 ParOldGen       total 72704K, used 14090K [0x00000000a0000000, 0x00000000a4700000, 0x00000000e0000000)
  object space 72704K, 19% used [0x00000000a0000000,0x00000000a0dc2bd8,0x00000000a4700000)
 Metaspace       used 39066K, capacity 40324K, committed 40448K, reserved 1083392K
  class space    used 5253K, capacity 5552K, committed 5632K, reserved 1048576K
Event: 9.167 GC heap after
Heap after GC invocations=13 (full 2):
 PSYoungGen      total 108544K, used 8185K [0x00000000e0000000, 0x00000000e9200000, 0x0000000100000000)
  eden space 96256K, 0% used [0x00000000e0000000,0x00000000e0000000,0x00000000e5e00000)
  from space 12288K, 66% used [0x00000000e5e00000,0x00000000e65fe698,0x00000000e6a00000)
  to   space 12288K, 0% used [0x00000000e8600000,0x00000000e8600000,0x00000000e9200000)
 ParOldGen       total 72704K, used 14098K [0x00000000a0000000, 0x00000000a4700000, 0x00000000e0000000)
  object space 72704K, 19% used [0x00000000a0000000,0x00000000a0dc4bd8,0x00000000a4700000)
 Metaspace       used 39066K, capacity 40324K, committed 40448K, reserved 1083392K
  class space    used 5253K, capacity 5552K, committed 5632K, reserved 1048576K
}
Event: 11.018 GC heap before
{Heap before GC invocations=14 (full 2):
 PSYoungGen      total 108544K, used 104441K [0x00000000e0000000, 0x00000000e9200000, 0x0000000100000000)
  eden space 96256K, 100% used [0x00000000e0000000,0x00000000e5e00000,0x00000000e5e00000)
  from space 12288K, 66% used [0x00000000e5e00000,0x00000000e65fe698,0x00000000e6a00000)
  to   space 12288K, 0% used [0x00000000e8600000,0x00000000e8600000,0x00000000e9200000)
 ParOldGen       total 72704K, used 14098K [0x00000000a0000000, 0x00000000a4700000, 0x00000000e0000000)
  object space 72704K, 19% used [0x00000000a0000000,0x00000000a0dc4bd8,0x00000000a4700000)
 Metaspace       used 49035K, capacity 50584K, committed 50688K, reserved 1093632K
  class space    used 6506K, capacity 6881K, committed 6912K, reserved 1048576K
Event: 11.031 GC heap after
Heap after GC invocations=14 (full 2):
 PSYoungGen      total 134144K, used 12282K [0x00000000e0000000, 0x00000000e9500000, 0x0000000100000000)
  eden space 121856K, 0% used [0x00000000e0000000,0x00000000e0000000,0x00000000e7700000)
  from space 12288K, 99% used [0x00000000e8600000,0x00000000e91fe960,0x00000000e9200000)
  to   space 15360K, 0% used [0x00000000e7700000,0x00000000e7700000,0x00000000e8600000)
 ParOldGen       total 72704K, used 18782K [0x00000000a0000000, 0x00000000a4700000, 0x00000000e0000000)
  object space 72704K, 25% used [0x00000000a0000000,0x00000000a1257a90,0x00000000a4700000)
 Metaspace       used 49035K, capacity 50584K, committed 50688K, reserved 1093632K
  class space    used 6506K, capacity 6881K, committed 6912K, reserved 1048576K
}

Deoptimization events (10 events):
Event: 10.652 Thread 0x000000001b669800 Uncommon trap: reason=unstable_if action=reinterpret pc=0x0000000003a7d1c4 method=java.util.jar.JarFile.maybeInstantiateVerifier()V @ 4
Event: 10.653 Thread 0x000000001b669800 Uncommon trap: reason=unstable_if action=reinterpret pc=0x0000000003b1c9bc method=java.security.CodeSource.matchCerts(Ljava/security/CodeSource;Z)Z @ 11
Event: 10.673 Thread 0x000000001b669800 Uncommon trap: reason=unstable_if action=reinterpret pc=0x0000000003a9d860 method=java.util.LinkedHashMap.get(Ljava/lang/Object;)Ljava/lang/Object; @ 20
Event: 11.255 Thread 0x000000001b669800 Uncommon trap: reason=unstable_if action=reinterpret pc=0x0000000003b37470 method=org.gradle.internal.reflect.PropertyAccessorType.of(Ljava/lang/reflect/Method;)Lorg/gradle/internal/reflect/PropertyAccessorType; @ 56
Event: 11.480 Thread 0x000000001b669800 Uncommon trap: reason=unstable_if action=reinterpret pc=0x0000000003e5e470 method=org.gradle.internal.instantiation.generator.AbstractClassGenerator$InjectionAnnotationValidator.validateMethod(Ljava/lang/reflect/Method;Lorg/gradle/internal/reflect/Propert
Event: 11.480 Thread 0x000000001b669800 Uncommon trap: reason=unstable_if action=reinterpret pc=0x0000000003a12dc0 method=org.gradle.internal.instantiation.generator.AbstractClassGenerator$InjectionAnnotationValidator.validateMethod(Ljava/lang/reflect/Method;Lorg/gradle/internal/reflect/Propert
Event: 11.578 Thread 0x000000001b669800 Uncommon trap: reason=unstable_if action=reinterpret pc=0x0000000003775bd4 method=java.util.WeakHashMap.put(Ljava/lang/Object;Ljava/lang/Object;)Ljava/lang/Object; @ 59
Event: 11.594 Thread 0x000000001b669800 Uncommon trap: reason=unstable_if action=reinterpret pc=0x0000000003ccda2c method=org.codehaus.groovy.reflection.CachedMethod.compareToMethod(Ljava/lang/reflect/Method;)I @ 43
Event: 11.673 Thread 0x000000001b669800 Uncommon trap: reason=unstable_if action=reinterpret pc=0x0000000003cfc27c method=groovyjarjarantlr.ASTFactory.addASTChild(Lgroovyjarjarantlr/ASTPair;Lgroovyjarjarantlr/collections/AST;)V @ 23
Event: 12.009 Thread 0x000000001b669800 Uncommon trap: reason=unstable_if action=reinterpret pc=0x0000000003d8c780 method=groovyjarjarasm.asm.ByteVector.putShort(I)Lgroovyjarjarasm/asm/ByteVector; @ 13

Classes redefined (0 events):
No events

Internal exceptions (10 events):
Event: 11.608 Thread 0x000000001b669800 Exception <a 'java/lang/ClassNotFoundException': com/android/build/gradle/internal/dsl/AaptOptions_DecoratedCustomizer> (0x00000000e28c1cd8) thrown at [C:\src\AOSP-openjdk-git\hotspot\src\share\vm\classfile\systemDictionary.cpp, line 210]
Event: 11.615 Thread 0x000000001b669800 Exception <a 'java/lang/ClassNotFoundException': com/android/build/gradle/internal/CompileOptions_DecoratedBeanInfo> (0x00000000e2966028) thrown at [C:\src\AOSP-openjdk-git\hotspot\src\share\vm\classfile\systemDictionary.cpp, line 210]
Event: 11.616 Thread 0x000000001b669800 Exception <a 'java/lang/ClassNotFoundException': com/android/build/gradle/internal/CompileOptionsBeanInfo> (0x00000000e29804e8) thrown at [C:\src\AOSP-openjdk-git\hotspot\src\share\vm\classfile\systemDictionary.cpp, line 210]
Event: 11.616 Thread 0x000000001b669800 Exception <a 'java/lang/ClassNotFoundException': com/android/build/gradle/internal/CompileOptionsCustomizer> (0x00000000e299ac18) thrown at [C:\src\AOSP-openjdk-git\hotspot\src\share\vm\classfile\systemDictionary.cpp, line 210]
Event: 11.617 Thread 0x000000001b669800 Exception <a 'java/lang/ClassNotFoundException': com/android/build/gradle/internal/CompileOptions_DecoratedCustomizer> (0x00000000e29c7b08) thrown at [C:\src\AOSP-openjdk-git\hotspot\src\share\vm\classfile\systemDictionary.cpp, line 210]
Event: 11.625 Thread 0x000000001b669800 Exception <a 'java/lang/ClassNotFoundException': com/android/build/gradle/internal/dsl/LintOptions_DecoratedBeanInfo> (0x00000000e2a71970) thrown at [C:\src\AOSP-openjdk-git\hotspot\src\share\vm\classfile\systemDictionary.cpp, line 210]
Event: 11.626 Thread 0x000000001b669800 Exception <a 'java/lang/ClassNotFoundException': com/android/build/gradle/internal/dsl/LintOptionsBeanInfo> (0x00000000e2a8c098) thrown at [C:\src\AOSP-openjdk-git\hotspot\src\share\vm\classfile\systemDictionary.cpp, line 210]
Event: 11.626 Thread 0x000000001b669800 Exception <a 'java/lang/ClassNotFoundException': com/android/build/gradle/internal/dsl/LintOptionsCustomizer> (0x00000000e2aa7800) thrown at [C:\src\AOSP-openjdk-git\hotspot\src\share\vm\classfile\systemDictionary.cpp, line 210]
Event: 11.630 Thread 0x000000001b669800 Exception <a 'java/lang/ClassNotFoundException': com/android/build/gradle/internal/dsl/LintOptions_DecoratedCustomizer> (0x00000000e2b21c88) thrown at [C:\src\AOSP-openjdk-git\hotspot\src\share\vm\classfile\systemDictionary.cpp, line 210]
Event: 11.673 Thread 0x000000001b669800 Implicit null exception at 0x0000000003cfc1b1 to 0x0000000003cfc265

Events (10 events):
Event: 11.986 loading class org/codehaus/groovy/classgen/Verifier$5 done
Event: 11.988 loading class org/codehaus/groovy/ast/tools/PropertyNodeUtils
Event: 11.988 loading class org/codehaus/groovy/ast/tools/PropertyNodeUtils done
Event: 12.007 loading class org/codehaus/groovy/classgen/asm/ClosureWriter$UseExistingReference
Event: 12.007 loading class org/codehaus/groovy/classgen/asm/ClosureWriter$UseExistingReference done
Event: 12.009 Thread 0x000000001b669800 Uncommon trap: trap_request=0xffffff65 fr.pc=0x0000000003d8c780
Event: 12.009 Thread 0x000000001b669800 DEOPT PACKING pc=0x0000000003d8c780 sp=0x000000001d1e87d0
Event: 12.009 Thread 0x000000001b669800 DEOPT UNPACKING pc=0x000000000307557b sp=0x000000001d1e8770 mode 2
Event: 12.011 loading class org/gradle/groovy/scripts/DefaultScript
Event: 12.011 loading class org/gradle/groovy/scripts/DefaultScript done


Dynamic libraries:
0x00007ff72f840000 - 0x00007ff72f871000 	C:\Program Files\Android\Android Studio\jre\bin\java.exe
0x00007ffdc4f70000 - 0x00007ffdc5165000 	C:\WINDOWS\SYSTEM32\ntdll.dll
0x00007ffdc3220000 - 0x00007ffdc32dd000 	C:\WINDOWS\System32\KERNEL32.DLL
0x00007ffdc27b0000 - 0x00007ffdc2a77000 	C:\WINDOWS\System32\KERNELBASE.dll
0x00007ffdc34a0000 - 0x00007ffdc354a000 	C:\WINDOWS\System32\ADVAPI32.dll
0x00007ffdc3400000 - 0x00007ffdc349e000 	C:\WINDOWS\System32\msvcrt.dll
0x00007ffdc2fd0000 - 0x00007ffdc306b000 	C:\WINDOWS\System32\sechost.dll
0x00007ffdc4e00000 - 0x00007ffdc4f24000 	C:\WINDOWS\System32\RPCRT4.dll
0x00007ffdc35b0000 - 0x00007ffdc3750000 	C:\WINDOWS\System32\USER32.dll
0x00007ffdc2be0000 - 0x00007ffdc2c02000 	C:\WINDOWS\System32\win32u.dll
0x00007ffdc4cf0000 - 0x00007ffdc4d1a000 	C:\WINDOWS\System32\GDI32.dll
0x00007ffdc2c90000 - 0x00007ffdc2d99000 	C:\WINDOWS\System32\gdi32full.dll
0x00007ffdc2da0000 - 0x00007ffdc2e3d000 	C:\WINDOWS\System32\msvcp_win.dll
0x00007ffdc26b0000 - 0x00007ffdc27b0000 	C:\WINDOWS\System32\ucrtbase.dll
0x00007ffda5150000 - 0x00007ffda53eb000 	C:\WINDOWS\WinSxS\amd64_microsoft.windows.common-controls_6595b64144ccf1df_6.0.19041.488_none_ca04af081b815d21\COMCTL32.dll
0x00007ffdc3820000 - 0x00007ffdc3850000 	C:\WINDOWS\System32\IMM32.DLL
0x00000000565e0000 - 0x00000000566b2000 	C:\Program Files\Android\Android Studio\jre\jre\bin\msvcr100.dll
0x00000000577d0000 - 0x000000005801b000 	C:\Program Files\Android\Android Studio\jre\jre\bin\server\jvm.dll
0x00007ffdc43b0000 - 0x00007ffdc43b8000 	C:\WINDOWS\System32\PSAPI.DLL
0x00007ffda1da0000 - 0x00007ffda1dc7000 	C:\WINDOWS\SYSTEM32\WINMM.dll
0x00007ffdb68c0000 - 0x00007ffdb68ca000 	C:\WINDOWS\SYSTEM32\VERSION.dll
0x00007ffda3db0000 - 0x00007ffda3db9000 	C:\WINDOWS\SYSTEM32\WSOCK32.dll
0x00007ffdc39f0000 - 0x00007ffdc3a5b000 	C:\WINDOWS\System32\WS2_32.dll
0x00007ffdb7530000 - 0x00007ffdb753f000 	C:\Program Files\Android\Android Studio\jre\jre\bin\verify.dll
0x00007ffdb6e90000 - 0x00007ffdb6eb9000 	C:\Program Files\Android\Android Studio\jre\jre\bin\java.dll
0x00007ffdb6e30000 - 0x00007ffdb6e46000 	C:\Program Files\Android\Android Studio\jre\jre\bin\zip.dll
0x00007ffdc4540000 - 0x00007ffdc4c81000 	C:\WINDOWS\System32\SHELL32.dll
0x00007ffdc07f0000 - 0x00007ffdc0f83000 	C:\WINDOWS\SYSTEM32\windows.storage.dll
0x00007ffdc3a60000 - 0x00007ffdc3db5000 	C:\WINDOWS\System32\combase.dll
0x00007ffdc2050000 - 0x00007ffdc207c000 	C:\WINDOWS\SYSTEM32\Wldp.dll
0x00007ffdc4230000 - 0x00007ffdc42de000 	C:\WINDOWS\System32\SHCORE.dll
0x00007ffdc3550000 - 0x00007ffdc35a5000 	C:\WINDOWS\System32\shlwapi.dll
0x00007ffdc2590000 - 0x00007ffdc25b6000 	C:\WINDOWS\SYSTEM32\profapi.dll
0x00007ffdb6e10000 - 0x00007ffdb6e2a000 	C:\Program Files\Android\Android Studio\jre\jre\bin\net.dll
0x00007ffdc1dd0000 - 0x00007ffdc1e3a000 	C:\WINDOWS\system32\mswsock.dll
0x00007ffd9ee50000 - 0x00007ffd9ee63000 	C:\Program Files\Android\Android Studio\jre\jre\bin\nio.dll
0x00007ffd58e90000 - 0x00007ffd58eb6000 	C:\Users\presi\.gradle\native\31\windows-amd64\native-platform.dll
0x00007ffdb6e80000 - 0x00007ffdb6e8d000 	C:\Program Files\Android\Android Studio\jre\jre\bin\management.dll
0x00007ffdc1fa0000 - 0x00007ffdc1fb8000 	C:\WINDOWS\SYSTEM32\CRYPTSP.dll
0x00007ffdc1760000 - 0x00007ffdc1794000 	C:\WINDOWS\system32\rsaenh.dll
0x00007ffdc2c10000 - 0x00007ffdc2c37000 	C:\WINDOWS\System32\bcrypt.dll
0x00007ffdc2530000 - 0x00007ffdc255e000 	C:\WINDOWS\SYSTEM32\USERENV.dll
0x00007ffdc2e40000 - 0x00007ffdc2ebf000 	C:\WINDOWS\System32\bcryptprimitives.dll
0x00007ffdc1fc0000 - 0x00007ffdc1fcc000 	C:\WINDOWS\SYSTEM32\CRYPTBASE.dll
0x00007ffdc1ac0000 - 0x00007ffdc1afb000 	C:\WINDOWS\SYSTEM32\IPHLPAPI.DLL
0x00007ffdc4530000 - 0x00007ffdc4539000 	C:\WINDOWS\System32\NSI.dll
0x00007ffdb8d30000 - 0x00007ffdb8d47000 	C:\WINDOWS\SYSTEM32\dhcpcsvc6.DLL
0x00007ffdb8d00000 - 0x00007ffdb8d1d000 	C:\WINDOWS\SYSTEM32\dhcpcsvc.DLL
0x00007ffdc1b00000 - 0x00007ffdc1bcb000 	C:\WINDOWS\SYSTEM32\DNSAPI.dll

VM Arguments:
jvm_args: -Xmx1536m -Dfile.encoding=windows-1252 -Duser.country=GB -Duser.language=en -Duser.variant 
java_command: org.gradle.launcher.daemon.bootstrap.GradleDaemon 6.1.1
java_class_path (initial): C:\Users\presi\.gradle\wrapper\dists\gradle-6.1.1-all\cfmwm155h49vnt3hynmlrsdst\gradle-6.1.1\lib\gradle-launcher-6.1.1.jar
Launcher Type: SUN_STANDARD

Environment Variables:
PATH=C:\Program Files\ImageMagick-7.0.10-Q16-HDRI;C:\WINDOWS\system32;C:\WINDOWS;C:\WINDOWS\System32\Wbem;C:\WINDOWS\System32\WindowsPowerShell\v1.0\;C:\WINDOWS\System32\OpenSSH\;C:\Program Files\dotnet\;C:\Program Files\Microsoft SQL Server\130\Tools\Binn\;C:\Program Files\Microsoft SQL Server\Client SDK\ODBC\170\Tools\Binn\;C:\Program Files\Git\cmd;C:\Program Files\Pandoc\;C:\Program Files\IBM\SPSS\Statistics\25\JRE\bin;C:\Program Files\MySQL\MySQL Shell 8.0\bin\;C:\Users\presi\AppData\Local\Microsoft\WindowsApps;C:\Program Files\JetBrains\PyCharm Community Edition with Anaconda plugin 2019.3.2\bin;C:\Users\presi\AppData\Local\GitHubDesktop\bin;C:\Users\presi\AppData\Local\Microsoft\WindowsApps;C:\Users\presi\AppData\Local\Google\Cloud SDK\google-cloud-sdk\bin;C:\src\flutter\bin;;C:\Users\presi\AppData\Local\Programs\Microsoft VS Code\bin
USERNAME=presi
OS=Windows_NT
PROCESSOR_IDENTIFIER=Intel64 Family 6 Model 126 Stepping 5, GenuineIntel



---------------  S Y S T E M  ---------------

OS: Windows 10.0 , 64 bit Build 19041 (10.0.19041.292)

CPU:total 8 (initial active 8) (4 cores per cpu, 2 threads per core) family 6 model 126 stepping 5, cmov, cx8, fxsr, mmx, sse, sse2, sse3, ssse3, sse4.1, sse4.2, popcnt, avx, avx2, aes, clmul, erms, 3dnowpref, lzcnt, ht, tsc, tscinvbit, bmi1, bmi2, adx

Memory: 4k page, physical 8165168k(283720k free), swap 33330992k(4224k free)

vm_info: OpenJDK 64-Bit Server VM (25.242-b01) for windows-amd64 JRE (1.8.0_242-release-1644-b01), built by "builder" with MS VC++ 10.0 (VS2010)

time: Fri Oct 30 16:26:25 2020
timezone: GMT Standard Time
elapsed time: 12 seconds (0d 0h 0m 12s)

